22:27:24 **** Build of configuration Debug for project interface1Project ****
make all 
Building file: ../interface1_Project.c
Invoking: AVR Compiler
avr-gcc -Wall -g2 -gstabs -O0 -fpack-struct -fshort-enums -ffunction-sections -fdata-sections -std=gnu99 -funsigned-char -funsigned-bitfields -mmcu=atmega16 -DF_CPU=1000000UL -MMD -MP -MF"interface1_Project.d" -MT"interface1_Project.d" -c -o "interface1_Project.o" "../interface1_Project.c"
In file included from ../interface1_Project.c:2:
c:/winavr-20100110/lib/gcc/../../avr/include/util/delay.h:90:3: warning: #warning "Compiler optimizations disabled; functions from <util/delay.h> won't work as designed"
Finished building: ../interface1_Project.c
 
Building target: interface1Project.elf
Invoking: AVR C Linker
avr-gcc -Wl,-Map,interface1Project.map -mmcu=atmega16 -o "interface1Project.elf"  ./interface1_Project.o   
Finished building target: interface1Project.elf
 
Invoking: AVR Create Extended Listing
avr-objdump -h -S interface1Project.elf  >"interface1Project.lss"
Finished building: interface1Project.lss
 
Invoking: Print Size
avr-size --format=avr --mcu=atmega16 interface1Project.elf
AVR Memory Usage
----------------
Device: atmega16

Program:    5108 bytes (31.2% Full)
(.text + .data + .bootloader)

Data:         11 bytes (1.1% Full)
(.data + .bss + .noinit)


Finished building: sizedummy
 
22:39:29 **** Build of configuration Debug for project Try_project ****
make all 
Building file: ../main.c
Invoking: AVR Compiler
avr-gcc -Wall -g2 -gstabs -O0 -fpack-struct -fshort-enums -ffunction-sections -fdata-sections -std=gnu99 -funsigned-char -funsigned-bitfields -mmcu=atmega16 -DF_CPU=1000000UL -MMD -MP -MF"main.d" -MT"main.d" -c -o "main.o" "../main.c"
In file included from ../main.c:2:
c:/winavr-20100110/lib/gcc/../../avr/include/util/delay.h:90:3: warning: #warning "Compiler optimizations disabled; functions from <util/delay.h> won't work as designed"
Finished building: ../main.c
 
Building target: Try_project.elf
Invoking: AVR C Linker
avr-gcc -Wl,-Map,Try_project.map -mmcu=atmega16 -o "Try_project.elf"  ./main.o   
Finished building target: Try_project.elf
 
Invoking: AVR Create Extended Listing
avr-objdump -h -S Try_project.elf  >"Try_project.lss"
Finished building: Try_project.lss
 
Invoking: Print Size
avr-size --format=avr --mcu=atmega16 Try_project.elf
AVR Memory Usage
----------------
Device: atmega16

Program:    5024 bytes (30.7% Full)
(.text + .data + .bootloader)

Data:         11 bytes (1.1% Full)
(.data + .bss + .noinit)


Finished building: sizedummy
 
22:39:31 **** Build of configuration Debug for project interface1Project ****
make all 
Building file: ../interface1_Project.c
Invoking: AVR Compiler
avr-gcc -Wall -g2 -gstabs -O0 -fpack-struct -fshort-enums -ffunction-sections -fdata-sections -std=gnu99 -funsigned-char -funsigned-bitfields -mmcu=atmega16 -DF_CPU=1000000UL -MMD -MP -MF"interface1_Project.d" -MT"interface1_Project.d" -c -o "interface1_Project.o" "../interface1_Project.c"
In file included from ../interface1_Project.c:2:
c:/winavr-20100110/lib/gcc/../../avr/include/util/delay.h:90:3: warning: #warning "Compiler optimizations disabled; functions from <util/delay.h> won't work as designed"
Finished building: ../interface1_Project.c
 
Building target: interface1Project.elf
Invoking: AVR C Linker
avr-gcc -Wl,-Map,interface1Project.map -mmcu=atmega16 -o "interface1Project.elf"  ./interface1_Project.o   
Finished building target: interface1Project.elf
 
Invoking: AVR Create Extended Listing
avr-objdump -h -S interface1Project.elf  >"interface1Project.lss"
Finished building: interface1Project.lss
 
Invoking: Print Size
avr-size --format=avr --mcu=atmega16 interface1Project.elf
AVR Memory Usage
----------------
Device: atmega16

Program:    5108 bytes (31.2% Full)
(.text + .data + .bootloader)

Data:         11 bytes (1.1% Full)
(.data + .bss + .noinit)


Finished building: sizedummy
 
22:44:09 **** Incremental Build of configuration Debug for project Try_project ****
make all 
Building file: ../main.c
Invoking: AVR Compiler
avr-gcc -Wall -g2 -gstabs -O0 -fpack-struct -fshort-enums -ffunction-sections -fdata-sections -std=gnu99 -funsigned-char -funsigned-bitfields -mmcu=atmega16 -DF_CPU=1000000UL -MMD -MP -MF"main.d" -MT"main.d" -c -o "main.o" "../main.c"
In file included from ../main.c:2:
c:/winavr-20100110/lib/gcc/../../avr/include/util/delay.h:90:3: warning: #warning "Compiler optimizations disabled; functions from <util/delay.h> won't work as designed"
Finished building: ../main.c
 
Building target: Try_project.elf
Invoking: AVR C Linker
avr-gcc -Wl,-Map,Try_project.map -mmcu=atmega16 -o "Try_project.elf"  ./main.o   
Finished building target: Try_project.elf
 
Invoking: AVR Create Extended Listing
avr-objdump -h -S Try_project.elf  >"Try_project.lss"
Finished building: Try_project.lss
 
Invoking: Print Size
avr-size --format=avr --mcu=atmega16 Try_project.elf
AVR Memory Usage
----------------
Device: atmega16

Program:    5004 bytes (30.5% Full)
(.text + .data + .bootloader)

Data:         11 bytes (1.1% Full)
(.data + .bss + .noinit)


Finished building: sizedummy
 
22:44:10 **** Incremental Build of configuration Debug for project interface1Project ****
make all 
Invoking: Print Size
avr-size --format=avr --mcu=atmega16 interface1Project.elf
AVR Memory Usage
----------------
Device: atmega16

Program:    5108 bytes (31.2% Full)
(.text + .data + .bootloader)

Data:         11 bytes (1.1% Full)
(.data + .bss + .noinit)


Finished building: sizedummy
 
22:45:05 **** Incremental Build of configuration Debug for project Try_project ****
make all 
Building file: ../main.c
Invoking: AVR Compiler
avr-gcc -Wall -g2 -gstabs -O0 -fpack-struct -fshort-enums -ffunction-sections -fdata-sections -std=gnu99 -funsigned-char -funsigned-bitfields -mmcu=atmega16 -DF_CPU=1000000UL -MMD -MP -MF"main.d" -MT"main.d" -c -o "main.o" "../main.c"
In file included from ../main.c:2:
c:/winavr-20100110/lib/gcc/../../avr/include/util/delay.h:90:3: warning: #warning "Compiler optimizations disabled; functions from <util/delay.h> won't work as designed"
Finished building: ../main.c
 
Building target: Try_project.elf
Invoking: AVR C Linker
avr-gcc -Wl,-Map,Try_project.map -mmcu=atmega16 -o "Try_project.elf"  ./main.o   
Finished building target: Try_project.elf
 
Invoking: AVR Create Extended Listing
avr-objdump -h -S Try_project.elf  >"Try_project.lss"
Finished building: Try_project.lss
 
Invoking: Print Size
avr-size --format=avr --mcu=atmega16 Try_project.elf
AVR Memory Usage
----------------
Device: atmega16

Program:    5004 bytes (30.5% Full)
(.text + .data + .bootloader)

Data:         11 bytes (1.1% Full)
(.data + .bss + .noinit)


Finished building: sizedummy
 
22:45:06 **** Incremental Build of configuration Debug for project interface1Project ****
make all 
Invoking: Print Size
avr-size --format=avr --mcu=atmega16 interface1Project.elf
AVR Memory Usage
----------------
Device: atmega16

Program:    5108 bytes (31.2% Full)
(.text + .data + .bootloader)

Data:         11 bytes (1.1% Full)
(.data + .bss + .noinit)


Finished building: sizedummy
 
22:47:11 **** Incremental Build of configuration Debug for project Try_project ****
make all 
Building file: ../main.c
Invoking: AVR Compiler
avr-gcc -Wall -g2 -gstabs -O0 -fpack-struct -fshort-enums -ffunction-sections -fdata-sections -std=gnu99 -funsigned-char -funsigned-bitfields -mmcu=atmega16 -DF_CPU=1000000UL -MMD -MP -MF"main.d" -MT"main.d" -c -o "main.o" "../main.c"
In file included from ../main.c:2:
c:/winavr-20100110/lib/gcc/../../avr/include/util/delay.h:90:3: warning: #warning "Compiler optimizations disabled; functions from <util/delay.h> won't work as designed"
Finished building: ../main.c
 
Building target: Try_project.elf
Invoking: AVR C Linker
avr-gcc -Wl,-Map,Try_project.map -mmcu=atmega16 -o "Try_project.elf"  ./main.o   
Finished building target: Try_project.elf
 
Invoking: AVR Create Extended Listing
avr-objdump -h -S Try_project.elf  >"Try_project.lss"
Finished building: Try_project.lss
 
Invoking: Print Size
avr-size --format=avr --mcu=atmega16 Try_project.elf
AVR Memory Usage
----------------
Device: atmega16

Program:    5172 bytes (31.6% Full)
(.text + .data + .bootloader)

Data:         11 bytes (1.1% Full)
(.data + .bss + .noinit)


Finished building: sizedummy
 
22:47:12 **** Incremental Build of configuration Debug for project interface1Project ****
make all 
Invoking: Print Size
avr-size --format=avr --mcu=atmega16 interface1Project.elf
AVR Memory Usage
----------------
Device: atmega16

Program:    5108 bytes (31.2% Full)
(.text + .data + .bootloader)

Data:         11 bytes (1.1% Full)
(.data + .bss + .noinit)


Finished building: sizedummy
 
22:48:11 **** Incremental Build of configuration Debug for project Try_project ****
make all 
Building file: ../main.c
Invoking: AVR Compiler
avr-gcc -Wall -g2 -gstabs -O0 -fpack-struct -fshort-enums -ffunction-sections -fdata-sections -std=gnu99 -funsigned-char -funsigned-bitfields -mmcu=atmega16 -DF_CPU=1000000UL -MMD -MP -MF"main.d" -MT"main.d" -c -o "main.o" "../main.c"
In file included from ../main.c:2:
c:/winavr-20100110/lib/gcc/../../avr/include/util/delay.h:90:3: warning: #warning "Compiler optimizations disabled; functions from <util/delay.h> won't work as designed"
Finished building: ../main.c
 
Building target: Try_project.elf
Invoking: AVR C Linker
avr-gcc -Wl,-Map,Try_project.map -mmcu=atmega16 -o "Try_project.elf"  ./main.o   
Finished building target: Try_project.elf
 
Invoking: AVR Create Extended Listing
avr-objdump -h -S Try_project.elf  >"Try_project.lss"
Finished building: Try_project.lss
 
Invoking: Print Size
avr-size --format=avr --mcu=atmega16 Try_project.elf
AVR Memory Usage
----------------
Device: atmega16

Program:    5146 bytes (31.4% Full)
(.text + .data + .bootloader)

Data:         11 bytes (1.1% Full)
(.data + .bss + .noinit)


Finished building: sizedummy
 
22:48:12 **** Incremental Build of configuration Debug for project interface1Project ****
make all 
Invoking: Print Size
avr-size --format=avr --mcu=atmega16 interface1Project.elf
AVR Memory Usage
----------------
Device: atmega16

Program:    5108 bytes (31.2% Full)
(.text + .data + .bootloader)

Data:         11 bytes (1.1% Full)
(.data + .bss + .noinit)


Finished building: sizedummy
 
22:48:47 **** Incremental Build of configuration Debug for project Try_project ****
make all 
Building file: ../main.c
Invoking: AVR Compiler
avr-gcc -Wall -g2 -gstabs -O0 -fpack-struct -fshort-enums -ffunction-sections -fdata-sections -std=gnu99 -funsigned-char -funsigned-bitfields -mmcu=atmega16 -DF_CPU=1000000UL -MMD -MP -MF"main.d" -MT"main.d" -c -o "main.o" "../main.c"
In file included from ../main.c:2:
c:/winavr-20100110/lib/gcc/../../avr/include/util/delay.h:90:3: warning: #warning "Compiler optimizations disabled; functions from <util/delay.h> won't work as designed"
Finished building: ../main.c
 
Building target: Try_project.elf
Invoking: AVR C Linker
avr-gcc -Wl,-Map,Try_project.map -mmcu=atmega16 -o "Try_project.elf"  ./main.o   
Finished building target: Try_project.elf
 
Invoking: AVR Create Extended Listing
avr-objdump -h -S Try_project.elf  >"Try_project.lss"
Finished building: Try_project.lss
 
Invoking: Print Size
avr-size --format=avr --mcu=atmega16 Try_project.elf
AVR Memory Usage
----------------
Device: atmega16

Program:    5146 bytes (31.4% Full)
(.text + .data + .bootloader)

Data:         11 bytes (1.1% Full)
(.data + .bss + .noinit)


Finished building: sizedummy
 
22:48:48 **** Incremental Build of configuration Debug for project interface1Project ****
make all 
Invoking: Print Size
avr-size --format=avr --mcu=atmega16 interface1Project.elf
AVR Memory Usage
----------------
Device: atmega16

Program:    5108 bytes (31.2% Full)
(.text + .data + .bootloader)

Data:         11 bytes (1.1% Full)
(.data + .bss + .noinit)


Finished building: sizedummy
 
22:49:53 **** Incremental Build of configuration Debug for project Try_project ****
make all 
Building file: ../main.c
Invoking: AVR Compiler
avr-gcc -Wall -g2 -gstabs -O0 -fpack-struct -fshort-enums -ffunction-sections -fdata-sections -std=gnu99 -funsigned-char -funsigned-bitfields -mmcu=atmega16 -DF_CPU=1000000UL -MMD -MP -MF"main.d" -MT"main.d" -c -o "main.o" "../main.c"
In file included from ../main.c:2:
c:/winavr-20100110/lib/gcc/../../avr/include/util/delay.h:90:3: warning: #warning "Compiler optimizations disabled; functions from <util/delay.h> won't work as designed"
../main.c: In function 'main':
../main.c:82: error: 'I' undeclared (first use in this function)
../main.c:82: error: (Each undeclared identifier is reported only once
../main.c:82: error: for each function it appears in.)
../main.c:83: error: expected ';' before 'unsigned'
../main.c:90: error: 'count' undeclared (first use in this function)
make: *** [main.o] Error 1
22:49:53 **** Incremental Build of configuration Debug for project interface1Project ****
make all 
Invoking: Print Size
avr-size --format=avr --mcu=atmega16 interface1Project.elf
AVR Memory Usage
----------------
Device: atmega16

Program:    5108 bytes (31.2% Full)
(.text + .data + .bootloader)

Data:         11 bytes (1.1% Full)
(.data + .bss + .noinit)


Finished building: sizedummy
 
22:50:09 **** Incremental Build of configuration Debug for project Try_project ****
make all 
Building file: ../main.c
Invoking: AVR Compiler
avr-gcc -Wall -g2 -gstabs -O0 -fpack-struct -fshort-enums -ffunction-sections -fdata-sections -std=gnu99 -funsigned-char -funsigned-bitfields -mmcu=atmega16 -DF_CPU=1000000UL -MMD -MP -MF"main.d" -MT"main.d" -c -o "main.o" "../main.c"
In file included from ../main.c:2:
c:/winavr-20100110/lib/gcc/../../avr/include/util/delay.h:90:3: warning: #warning "Compiler optimizations disabled; functions from <util/delay.h> won't work as designed"
Finished building: ../main.c
 
Building target: Try_project.elf
Invoking: AVR C Linker
avr-gcc -Wl,-Map,Try_project.map -mmcu=atmega16 -o "Try_project.elf"  ./main.o   
Finished building target: Try_project.elf
 
Invoking: AVR Create Extended Listing
avr-objdump -h -S Try_project.elf  >"Try_project.lss"
Finished building: Try_project.lss
 
Invoking: Print Size
avr-size --format=avr --mcu=atmega16 Try_project.elf
AVR Memory Usage
----------------
Device: atmega16

Program:    5134 bytes (31.3% Full)
(.text + .data + .bootloader)

Data:         11 bytes (1.1% Full)
(.data + .bss + .noinit)


Finished building: sizedummy
 
22:50:10 **** Incremental Build of configuration Debug for project interface1Project ****
make all 
Invoking: Print Size
avr-size --format=avr --mcu=atmega16 interface1Project.elf
AVR Memory Usage
----------------
Device: atmega16

Program:    5108 bytes (31.2% Full)
(.text + .data + .bootloader)

Data:         11 bytes (1.1% Full)
(.data + .bss + .noinit)


Finished building: sizedummy
 
22:50:58 **** Incremental Build of configuration Debug for project Try_project ****
make all 
Building file: ../main.c
Invoking: AVR Compiler
avr-gcc -Wall -g2 -gstabs -O0 -fpack-struct -fshort-enums -ffunction-sections -fdata-sections -std=gnu99 -funsigned-char -funsigned-bitfields -mmcu=atmega16 -DF_CPU=1000000UL -MMD -MP -MF"main.d" -MT"main.d" -c -o "main.o" "../main.c"
In file included from ../main.c:2:
c:/winavr-20100110/lib/gcc/../../avr/include/util/delay.h:90:3: warning: #warning "Compiler optimizations disabled; functions from <util/delay.h> won't work as designed"
Finished building: ../main.c
 
Building target: Try_project.elf
Invoking: AVR C Linker
avr-gcc -Wl,-Map,Try_project.map -mmcu=atmega16 -o "Try_project.elf"  ./main.o   
Finished building target: Try_project.elf
 
Invoking: AVR Create Extended Listing
avr-objdump -h -S Try_project.elf  >"Try_project.lss"
Finished building: Try_project.lss
 
Invoking: Print Size
avr-size --format=avr --mcu=atmega16 Try_project.elf
AVR Memory Usage
----------------
Device: atmega16

Program:    5134 bytes (31.3% Full)
(.text + .data + .bootloader)

Data:         11 bytes (1.1% Full)
(.data + .bss + .noinit)


Finished building: sizedummy
 
22:50:59 **** Incremental Build of configuration Debug for project interface1Project ****
make all 
Invoking: Print Size
avr-size --format=avr --mcu=atmega16 interface1Project.elf
AVR Memory Usage
----------------
Device: atmega16

Program:    5108 bytes (31.2% Full)
(.text + .data + .bootloader)

Data:         11 bytes (1.1% Full)
(.data + .bss + .noinit)


Finished building: sizedummy
 
22:51:50 **** Incremental Build of configuration Debug for project Try_project ****
make all 
Building file: ../main.c
Invoking: AVR Compiler
avr-gcc -Wall -g2 -gstabs -O0 -fpack-struct -fshort-enums -ffunction-sections -fdata-sections -std=gnu99 -funsigned-char -funsigned-bitfields -mmcu=atmega16 -DF_CPU=1000000UL -MMD -MP -MF"main.d" -MT"main.d" -c -o "main.o" "../main.c"
In file included from ../main.c:2:
c:/winavr-20100110/lib/gcc/../../avr/include/util/delay.h:90:3: warning: #warning "Compiler optimizations disabled; functions from <util/delay.h> won't work as designed"
Finished building: ../main.c
 
Building target: Try_project.elf
Invoking: AVR C Linker
avr-gcc -Wl,-Map,Try_project.map -mmcu=atmega16 -o "Try_project.elf"  ./main.o   
Finished building target: Try_project.elf
 
Invoking: AVR Create Extended Listing
avr-objdump -h -S Try_project.elf  >"Try_project.lss"
Finished building: Try_project.lss
 
Invoking: Print Size
avr-size --format=avr --mcu=atmega16 Try_project.elf
AVR Memory Usage
----------------
Device: atmega16

Program:    5142 bytes (31.4% Full)
(.text + .data + .bootloader)

Data:         11 bytes (1.1% Full)
(.data + .bss + .noinit)


Finished building: sizedummy
 
22:51:51 **** Incremental Build of configuration Debug for project interface1Project ****
make all 
Invoking: Print Size
avr-size --format=avr --mcu=atmega16 interface1Project.elf
AVR Memory Usage
----------------
Device: atmega16

Program:    5108 bytes (31.2% Full)
(.text + .data + .bootloader)

Data:         11 bytes (1.1% Full)
(.data + .bss + .noinit)


Finished building: sizedummy
 
22:57:12 **** Build of configuration Debug for project Try2 ****
make all 
Building file: ../main.c
Invoking: AVR Compiler
avr-gcc -Wall -g2 -gstabs -O0 -fpack-struct -fshort-enums -ffunction-sections -fdata-sections -std=gnu99 -funsigned-char -funsigned-bitfields -mmcu=atmega16 -DF_CPU=1000000UL -MMD -MP -MF"main.d" -MT"main.d" -c -o "main.o" "../main.c"
In file included from ../main.c:2:
c:/winavr-20100110/lib/gcc/../../avr/include/util/delay.h:90:3: warning: #warning "Compiler optimizations disabled; functions from <util/delay.h> won't work as designed"
../main.c:4: warning: return type of 'main' is not 'int'
../main.c: In function 'main':
../main.c:11: error: expected expression before ')' token
make: *** [main.o] Error 1
22:57:12 **** Incremental Build of configuration Debug for project Try_project ****
make all 
Invoking: Print Size
avr-size --format=avr --mcu=atmega16 Try_project.elf
AVR Memory Usage
----------------
Device: atmega16

Program:    5142 bytes (31.4% Full)
(.text + .data + .bootloader)

Data:         11 bytes (1.1% Full)
(.data + .bss + .noinit)


Finished building: sizedummy
 
22:57:13 **** Incremental Build of configuration Debug for project interface1Project ****
make all 
Invoking: Print Size
avr-size --format=avr --mcu=atmega16 interface1Project.elf
AVR Memory Usage
----------------
Device: atmega16

Program:    5108 bytes (31.2% Full)
(.text + .data + .bootloader)

Data:         11 bytes (1.1% Full)
(.data + .bss + .noinit)


Finished building: sizedummy
 
22:57:59 **** Incremental Build of configuration Debug for project Try2 ****
make all 
Building file: ../main.c
Invoking: AVR Compiler
avr-gcc -Wall -g2 -gstabs -O0 -fpack-struct -fshort-enums -ffunction-sections -fdata-sections -std=gnu99 -funsigned-char -funsigned-bitfields -mmcu=atmega16 -DF_CPU=1000000UL -MMD -MP -MF"main.d" -MT"main.d" -c -o "main.o" "../main.c"
In file included from ../main.c:2:
c:/winavr-20100110/lib/gcc/../../avr/include/util/delay.h:90:3: warning: #warning "Compiler optimizations disabled; functions from <util/delay.h> won't work as designed"
../main.c:4: warning: return type of 'main' is not 'int'
Finished building: ../main.c
 
Building target: Try2.elf
Invoking: AVR C Linker
avr-gcc -Wl,-Map,Try2.map -mmcu=atmega16 -o "Try2.elf"  ./main.o   
Finished building target: Try2.elf
 
Invoking: AVR Create Extended Listing
avr-objdump -h -S Try2.elf  >"Try2.lss"
Finished building: Try2.lss
 
Invoking: Print Size
avr-size --format=avr --mcu=atmega16 Try2.elf
AVR Memory Usage
----------------
Device: atmega16

Program:    3298 bytes (20.1% Full)
(.text + .data + .bootloader)

Data:          8 bytes (0.8% Full)
(.data + .bss + .noinit)


Finished building: sizedummy
 
22:58:00 **** Incremental Build of configuration Debug for project Try_project ****
make all 
Invoking: Print Size
avr-size --format=avr --mcu=atmega16 Try_project.elf
AVR Memory Usage
----------------
Device: atmega16

Program:    5142 bytes (31.4% Full)
(.text + .data + .bootloader)

Data:         11 bytes (1.1% Full)
(.data + .bss + .noinit)


Finished building: sizedummy
 
22:58:00 **** Incremental Build of configuration Debug for project interface1Project ****
make all 
Invoking: Print Size
avr-size --format=avr --mcu=atmega16 interface1Project.elf
AVR Memory Usage
----------------
Device: atmega16

Program:    5108 bytes (31.2% Full)
(.text + .data + .bootloader)

Data:         11 bytes (1.1% Full)
(.data + .bss + .noinit)


Finished building: sizedummy
 
23:03:40 **** Incremental Build of configuration Debug for project Try2 ****
make all 
Building file: ../main.c
Invoking: AVR Compiler
avr-gcc -Wall -g2 -gstabs -O0 -fpack-struct -fshort-enums -ffunction-sections -fdata-sections -std=gnu99 -funsigned-char -funsigned-bitfields -mmcu=atmega16 -DF_CPU=1000000UL -MMD -MP -MF"main.d" -MT"main.d" -c -o "main.o" "../main.c"
In file included from ../main.c:2:
c:/winavr-20100110/lib/gcc/../../avr/include/util/delay.h:90:3: warning: #warning "Compiler optimizations disabled; functions from <util/delay.h> won't work as designed"
../main.c:4: warning: return type of 'main' is not 'int'
Finished building: ../main.c
 
Building target: Try2.elf
Invoking: AVR C Linker
avr-gcc -Wl,-Map,Try2.map -mmcu=atmega16 -o "Try2.elf"  ./main.o   
Finished building target: Try2.elf
 
Invoking: AVR Create Extended Listing
avr-objdump -h -S Try2.elf  >"Try2.lss"
Finished building: Try2.lss
 
Invoking: Print Size
avr-size --format=avr --mcu=atmega16 Try2.elf
AVR Memory Usage
----------------
Device: atmega16

Program:    3350 bytes (20.4% Full)
(.text + .data + .bootloader)

Data:          8 bytes (0.8% Full)
(.data + .bss + .noinit)


Finished building: sizedummy
 
23:03:41 **** Incremental Build of configuration Debug for project Try_project ****
make all 
Invoking: Print Size
avr-size --format=avr --mcu=atmega16 Try_project.elf
AVR Memory Usage
----------------
Device: atmega16

Program:    5142 bytes (31.4% Full)
(.text + .data + .bootloader)

Data:         11 bytes (1.1% Full)
(.data + .bss + .noinit)


Finished building: sizedummy
 
23:03:42 **** Incremental Build of configuration Debug for project interface1Project ****
make all 
Invoking: Print Size
avr-size --format=avr --mcu=atmega16 interface1Project.elf
AVR Memory Usage
----------------
Device: atmega16

Program:    5108 bytes (31.2% Full)
(.text + .data + .bootloader)

Data:         11 bytes (1.1% Full)
(.data + .bss + .noinit)


Finished building: sizedummy
 
23:05:18 **** Incremental Build of configuration Debug for project Try2 ****
make all 
Building file: ../main.c
Invoking: AVR Compiler
avr-gcc -Wall -g2 -gstabs -O0 -fpack-struct -fshort-enums -ffunction-sections -fdata-sections -std=gnu99 -funsigned-char -funsigned-bitfields -mmcu=atmega16 -DF_CPU=1000000UL -MMD -MP -MF"main.d" -MT"main.d" -c -o "main.o" "../main.c"
In file included from ../main.c:2:
c:/winavr-20100110/lib/gcc/../../avr/include/util/delay.h:90:3: warning: #warning "Compiler optimizations disabled; functions from <util/delay.h> won't work as designed"
../main.c:4: warning: return type of 'main' is not 'int'
Finished building: ../main.c
 
Building target: Try2.elf
Invoking: AVR C Linker
avr-gcc -Wl,-Map,Try2.map -mmcu=atmega16 -o "Try2.elf"  ./main.o   
Finished building target: Try2.elf
 
Invoking: AVR Create Extended Listing
avr-objdump -h -S Try2.elf  >"Try2.lss"
Finished building: Try2.lss
 
Invoking: Print Size
avr-size --format=avr --mcu=atmega16 Try2.elf
AVR Memory Usage
----------------
Device: atmega16

Program:    3350 bytes (20.4% Full)
(.text + .data + .bootloader)

Data:          8 bytes (0.8% Full)
(.data + .bss + .noinit)


Finished building: sizedummy
 
23:05:20 **** Incremental Build of configuration Debug for project Try_project ****
make all 
Building file: ../main.c
Invoking: AVR Compiler
avr-gcc -Wall -g2 -gstabs -O0 -fpack-struct -fshort-enums -ffunction-sections -fdata-sections -std=gnu99 -funsigned-char -funsigned-bitfields -mmcu=atmega16 -DF_CPU=1000000UL -MMD -MP -MF"main.d" -MT"main.d" -c -o "main.o" "../main.c"
In file included from ../main.c:2:
c:/winavr-20100110/lib/gcc/../../avr/include/util/delay.h:90:3: warning: #warning "Compiler optimizations disabled; functions from <util/delay.h> won't work as designed"
Finished building: ../main.c
 
Building target: Try_project.elf
Invoking: AVR C Linker
avr-gcc -Wl,-Map,Try_project.map -mmcu=atmega16 -o "Try_project.elf"  ./main.o   
Finished building target: Try_project.elf
 
Invoking: AVR Create Extended Listing
avr-objdump -h -S Try_project.elf  >"Try_project.lss"
Finished building: Try_project.lss
 
Invoking: Print Size
avr-size --format=avr --mcu=atmega16 Try_project.elf
AVR Memory Usage
----------------
Device: atmega16

Program:    5142 bytes (31.4% Full)
(.text + .data + .bootloader)

Data:         11 bytes (1.1% Full)
(.data + .bss + .noinit)


Finished building: sizedummy
 
23:05:21 **** Incremental Build of configuration Debug for project interface1Project ****
make all 
Building file: ../interface1_Project.c
Invoking: AVR Compiler
avr-gcc -Wall -g2 -gstabs -O0 -fpack-struct -fshort-enums -ffunction-sections -fdata-sections -std=gnu99 -funsigned-char -funsigned-bitfields -mmcu=atmega16 -DF_CPU=1000000UL -MMD -MP -MF"interface1_Project.d" -MT"interface1_Project.d" -c -o "interface1_Project.o" "../interface1_Project.c"
In file included from ../interface1_Project.c:2:
c:/winavr-20100110/lib/gcc/../../avr/include/util/delay.h:90:3: warning: #warning "Compiler optimizations disabled; functions from <util/delay.h> won't work as designed"
Finished building: ../interface1_Project.c
 
Building target: interface1Project.elf
Invoking: AVR C Linker
avr-gcc -Wl,-Map,interface1Project.map -mmcu=atmega16 -o "interface1Project.elf"  ./interface1_Project.o   
Finished building target: interface1Project.elf
 
Invoking: AVR Create Extended Listing
avr-objdump -h -S interface1Project.elf  >"interface1Project.lss"
Finished building: interface1Project.lss
 
Invoking: Print Size
avr-size --format=avr --mcu=atmega16 interface1Project.elf
AVR Memory Usage
----------------
Device: atmega16

Program:    5108 bytes (31.2% Full)
(.text + .data + .bootloader)

Data:         11 bytes (1.1% Full)
(.data + .bss + .noinit)


Finished building: sizedummy
 
23:08:30 **** Incremental Build of configuration Debug for project Try2 ****
make all 
Building file: ../main.c
Invoking: AVR Compiler
avr-gcc -Wall -g2 -gstabs -O0 -fpack-struct -fshort-enums -ffunction-sections -fdata-sections -std=gnu99 -funsigned-char -funsigned-bitfields -mmcu=atmega16 -DF_CPU=1000000UL -MMD -MP -MF"main.d" -MT"main.d" -c -o "main.o" "../main.c"
In file included from ../main.c:2:
c:/winavr-20100110/lib/gcc/../../avr/include/util/delay.h:90:3: warning: #warning "Compiler optimizations disabled; functions from <util/delay.h> won't work as designed"
../main.c:4: warning: return type of 'main' is not 'int'
Finished building: ../main.c
 
Building target: Try2.elf
Invoking: AVR C Linker
avr-gcc -Wl,-Map,Try2.map -mmcu=atmega16 -o "Try2.elf"  ./main.o   
Finished building target: Try2.elf
 
Invoking: AVR Create Extended Listing
avr-objdump -h -S Try2.elf  >"Try2.lss"
Finished building: Try2.lss
 
Invoking: Print Size
avr-size --format=avr --mcu=atmega16 Try2.elf
AVR Memory Usage
----------------
Device: atmega16

Program:    3350 bytes (20.4% Full)
(.text + .data + .bootloader)

Data:          8 bytes (0.8% Full)
(.data + .bss + .noinit)


Finished building: sizedummy
 
23:08:31 **** Incremental Build of configuration Debug for project Try_project ****
make all 
Invoking: Print Size
avr-size --format=avr --mcu=atmega16 Try_project.elf
AVR Memory Usage
----------------
Device: atmega16

Program:    5142 bytes (31.4% Full)
(.text + .data + .bootloader)

Data:         11 bytes (1.1% Full)
(.data + .bss + .noinit)


Finished building: sizedummy
 
23:08:32 **** Incremental Build of configuration Debug for project interface1Project ****
make all 
Invoking: Print Size
avr-size --format=avr --mcu=atmega16 interface1Project.elf
AVR Memory Usage
----------------
Device: atmega16

Program:    5108 bytes (31.2% Full)
(.text + .data + .bootloader)

Data:         11 bytes (1.1% Full)
(.data + .bss + .noinit)


Finished building: sizedummy
 
23:12:51 **** Incremental Build of configuration Debug for project Try2 ****
make all 
Invoking: Print Size
avr-size --format=avr --mcu=atmega16 Try2.elf
AVR Memory Usage
----------------
Device: atmega16

Program:    3350 bytes (20.4% Full)
(.text + .data + .bootloader)

Data:          8 bytes (0.8% Full)
(.data + .bss + .noinit)


Finished building: sizedummy
 
23:12:52 **** Incremental Build of configuration Debug for project Try_project ****
make all 
Building file: ../main.c
Invoking: AVR Compiler
avr-gcc -Wall -g2 -gstabs -O0 -fpack-struct -fshort-enums -ffunction-sections -fdata-sections -std=gnu99 -funsigned-char -funsigned-bitfields -mmcu=atmega16 -DF_CPU=1000000UL -MMD -MP -MF"main.d" -MT"main.d" -c -o "main.o" "../main.c"
In file included from ../main.c:2:
c:/winavr-20100110/lib/gcc/../../avr/include/util/delay.h:90:3: warning: #warning "Compiler optimizations disabled; functions from <util/delay.h> won't work as designed"
../main.c: In function 'main':
../main.c:84: warning: unused variable 'count'
Finished building: ../main.c
 
Building target: Try_project.elf
Invoking: AVR C Linker
avr-gcc -Wl,-Map,Try_project.map -mmcu=atmega16 -o "Try_project.elf"  ./main.o   
Finished building target: Try_project.elf
 
Invoking: AVR Create Extended Listing
avr-objdump -h -S Try_project.elf  >"Try_project.lss"
Finished building: Try_project.lss
 
Invoking: Print Size
avr-size --format=avr --mcu=atmega16 Try_project.elf
AVR Memory Usage
----------------
Device: atmega16

Program:    5140 bytes (31.4% Full)
(.text + .data + .bootloader)

Data:         11 bytes (1.1% Full)
(.data + .bss + .noinit)


Finished building: sizedummy
 
23:12:53 **** Incremental Build of configuration Debug for project interface1Project ****
make all 
Invoking: Print Size
avr-size --format=avr --mcu=atmega16 interface1Project.elf
AVR Memory Usage
----------------
Device: atmega16

Program:    5108 bytes (31.2% Full)
(.text + .data + .bootloader)

Data:         11 bytes (1.1% Full)
(.data + .bss + .noinit)


Finished building: sizedummy
 
23:14:02 **** Incremental Build of configuration Debug for project Try2 ****
make all 
Invoking: Print Size
avr-size --format=avr --mcu=atmega16 Try2.elf
AVR Memory Usage
----------------
Device: atmega16

Program:    3350 bytes (20.4% Full)
(.text + .data + .bootloader)

Data:          8 bytes (0.8% Full)
(.data + .bss + .noinit)


Finished building: sizedummy
 
23:14:02 **** Incremental Build of configuration Debug for project Try_project ****
make all 
Building file: ../main.c
Invoking: AVR Compiler
avr-gcc -Wall -g2 -gstabs -O0 -fpack-struct -fshort-enums -ffunction-sections -fdata-sections -std=gnu99 -funsigned-char -funsigned-bitfields -mmcu=atmega16 -DF_CPU=1000000UL -MMD -MP -MF"main.d" -MT"main.d" -c -o "main.o" "../main.c"
In file included from ../main.c:2:
c:/winavr-20100110/lib/gcc/../../avr/include/util/delay.h:90:3: warning: #warning "Compiler optimizations disabled; functions from <util/delay.h> won't work as designed"
../main.c: In function 'main':
../main.c:85: warning: unused variable 'count'
Finished building: ../main.c
 
Building target: Try_project.elf
Invoking: AVR C Linker
avr-gcc -Wl,-Map,Try_project.map -mmcu=atmega16 -o "Try_project.elf"  ./main.o   
Finished building target: Try_project.elf
 
Invoking: AVR Create Extended Listing
avr-objdump -h -S Try_project.elf  >"Try_project.lss"
Finished building: Try_project.lss
 
Invoking: Print Size
avr-size --format=avr --mcu=atmega16 Try_project.elf
AVR Memory Usage
----------------
Device: atmega16

Program:    4932 bytes (30.1% Full)
(.text + .data + .bootloader)

Data:         11 bytes (1.1% Full)
(.data + .bss + .noinit)


Finished building: sizedummy
 
23:14:04 **** Incremental Build of configuration Debug for project interface1Project ****
make all 
Invoking: Print Size
avr-size --format=avr --mcu=atmega16 interface1Project.elf
AVR Memory Usage
----------------
Device: atmega16

Program:    5108 bytes (31.2% Full)
(.text + .data + .bootloader)

Data:         11 bytes (1.1% Full)
(.data + .bss + .noinit)


Finished building: sizedummy
 
23:15:06 **** Incremental Build of configuration Debug for project Try2 ****
make all 
Invoking: Print Size
avr-size --format=avr --mcu=atmega16 Try2.elf
AVR Memory Usage
----------------
Device: atmega16

Program:    3350 bytes (20.4% Full)
(.text + .data + .bootloader)

Data:          8 bytes (0.8% Full)
(.data + .bss + .noinit)


Finished building: sizedummy
 
23:15:07 **** Incremental Build of configuration Debug for project Try_project ****
make all 
Building file: ../main.c
Invoking: AVR Compiler
avr-gcc -Wall -g2 -gstabs -O0 -fpack-struct -fshort-enums -ffunction-sections -fdata-sections -std=gnu99 -funsigned-char -funsigned-bitfields -mmcu=atmega16 -DF_CPU=1000000UL -MMD -MP -MF"main.d" -MT"main.d" -c -o "main.o" "../main.c"
In file included from ../main.c:2:
c:/winavr-20100110/lib/gcc/../../avr/include/util/delay.h:90:3: warning: #warning "Compiler optimizations disabled; functions from <util/delay.h> won't work as designed"
../main.c: In function 'main':
../main.c:85: warning: unused variable 'count'
Finished building: ../main.c
 
Building target: Try_project.elf
Invoking: AVR C Linker
avr-gcc -Wl,-Map,Try_project.map -mmcu=atmega16 -o "Try_project.elf"  ./main.o   
Finished building target: Try_project.elf
 
Invoking: AVR Create Extended Listing
avr-objdump -h -S Try_project.elf  >"Try_project.lss"
Finished building: Try_project.lss
 
Invoking: Print Size
avr-size --format=avr --mcu=atmega16 Try_project.elf
AVR Memory Usage
----------------
Device: atmega16

Program:    4932 bytes (30.1% Full)
(.text + .data + .bootloader)

Data:         11 bytes (1.1% Full)
(.data + .bss + .noinit)


Finished building: sizedummy
 
23:15:08 **** Incremental Build of configuration Debug for project interface1Project ****
make all 
Invoking: Print Size
avr-size --format=avr --mcu=atmega16 interface1Project.elf
AVR Memory Usage
----------------
Device: atmega16

Program:    5108 bytes (31.2% Full)
(.text + .data + .bootloader)

Data:         11 bytes (1.1% Full)
(.data + .bss + .noinit)


Finished building: sizedummy
 
23:16:22 **** Incremental Build of configuration Debug for project Try2 ****
make all 
Invoking: Print Size
avr-size --format=avr --mcu=atmega16 Try2.elf
AVR Memory Usage
----------------
Device: atmega16

Program:    3350 bytes (20.4% Full)
(.text + .data + .bootloader)

Data:          8 bytes (0.8% Full)
(.data + .bss + .noinit)


Finished building: sizedummy
 
23:16:22 **** Incremental Build of configuration Debug for project Try_project ****
make all 
Building file: ../main.c
Invoking: AVR Compiler
avr-gcc -Wall -g2 -gstabs -O0 -fpack-struct -fshort-enums -ffunction-sections -fdata-sections -std=gnu99 -funsigned-char -funsigned-bitfields -mmcu=atmega16 -DF_CPU=1000000UL -MMD -MP -MF"main.d" -MT"main.d" -c -o "main.o" "../main.c"
In file included from ../main.c:2:
c:/winavr-20100110/lib/gcc/../../avr/include/util/delay.h:90:3: warning: #warning "Compiler optimizations disabled; functions from <util/delay.h> won't work as designed"
../main.c: In function 'main':
../main.c:85: warning: unused variable 'count'
Finished building: ../main.c
 
Building target: Try_project.elf
Invoking: AVR C Linker
avr-gcc -Wl,-Map,Try_project.map -mmcu=atmega16 -o "Try_project.elf"  ./main.o   
Finished building target: Try_project.elf
 
Invoking: AVR Create Extended Listing
avr-objdump -h -S Try_project.elf  >"Try_project.lss"
Finished building: Try_project.lss
 
Invoking: Print Size
avr-size --format=avr --mcu=atmega16 Try_project.elf
AVR Memory Usage
----------------
Device: atmega16

Program:    4904 bytes (29.9% Full)
(.text + .data + .bootloader)

Data:         11 bytes (1.1% Full)
(.data + .bss + .noinit)


Finished building: sizedummy
 
23:16:23 **** Incremental Build of configuration Debug for project interface1Project ****
make all 
Invoking: Print Size
avr-size --format=avr --mcu=atmega16 interface1Project.elf
AVR Memory Usage
----------------
Device: atmega16

Program:    5108 bytes (31.2% Full)
(.text + .data + .bootloader)

Data:         11 bytes (1.1% Full)
(.data + .bss + .noinit)


Finished building: sizedummy
 
23:17:28 **** Incremental Build of configuration Debug for project Try2 ****
make all 
Invoking: Print Size
avr-size --format=avr --mcu=atmega16 Try2.elf
AVR Memory Usage
----------------
Device: atmega16

Program:    3350 bytes (20.4% Full)
(.text + .data + .bootloader)

Data:          8 bytes (0.8% Full)
(.data + .bss + .noinit)


Finished building: sizedummy
 
23:17:28 **** Incremental Build of configuration Debug for project Try_project ****
make all 
Building file: ../main.c
Invoking: AVR Compiler
avr-gcc -Wall -g2 -gstabs -O0 -fpack-struct -fshort-enums -ffunction-sections -fdata-sections -std=gnu99 -funsigned-char -funsigned-bitfields -mmcu=atmega16 -DF_CPU=1000000UL -MMD -MP -MF"main.d" -MT"main.d" -c -o "main.o" "../main.c"
In file included from ../main.c:2:
c:/winavr-20100110/lib/gcc/../../avr/include/util/delay.h:90:3: warning: #warning "Compiler optimizations disabled; functions from <util/delay.h> won't work as designed"
../main.c: In function 'main':
../main.c:85: warning: unused variable 'count'
Finished building: ../main.c
 
Building target: Try_project.elf
Invoking: AVR C Linker
avr-gcc -Wl,-Map,Try_project.map -mmcu=atmega16 -o "Try_project.elf"  ./main.o   
Finished building target: Try_project.elf
 
Invoking: AVR Create Extended Listing
avr-objdump -h -S Try_project.elf  >"Try_project.lss"
Finished building: Try_project.lss
 
Invoking: Print Size
avr-size --format=avr --mcu=atmega16 Try_project.elf
AVR Memory Usage
----------------
Device: atmega16

Program:    4904 bytes (29.9% Full)
(.text + .data + .bootloader)

Data:         11 bytes (1.1% Full)
(.data + .bss + .noinit)


Finished building: sizedummy
 
23:17:29 **** Incremental Build of configuration Debug for project interface1Project ****
make all 
Invoking: Print Size
avr-size --format=avr --mcu=atmega16 interface1Project.elf
AVR Memory Usage
----------------
Device: atmega16

Program:    5108 bytes (31.2% Full)
(.text + .data + .bootloader)

Data:         11 bytes (1.1% Full)
(.data + .bss + .noinit)


Finished building: sizedummy
 
23:19:42 **** Incremental Build of configuration Debug for project Try2 ****
make all 
Invoking: Print Size
avr-size --format=avr --mcu=atmega16 Try2.elf
AVR Memory Usage
----------------
Device: atmega16

Program:    3350 bytes (20.4% Full)
(.text + .data + .bootloader)

Data:          8 bytes (0.8% Full)
(.data + .bss + .noinit)


Finished building: sizedummy
 
23:19:43 **** Incremental Build of configuration Debug for project Try_project ****
make all 
Building file: ../main.c
Invoking: AVR Compiler
avr-gcc -Wall -g2 -gstabs -O0 -fpack-struct -fshort-enums -ffunction-sections -fdata-sections -std=gnu99 -funsigned-char -funsigned-bitfields -mmcu=atmega16 -DF_CPU=1000000UL -MMD -MP -MF"main.d" -MT"main.d" -c -o "main.o" "../main.c"
In file included from ../main.c:2:
c:/winavr-20100110/lib/gcc/../../avr/include/util/delay.h:90:3: warning: #warning "Compiler optimizations disabled; functions from <util/delay.h> won't work as designed"
../main.c: In function 'main':
../main.c:85: warning: unused variable 'count'
Finished building: ../main.c
 
Building target: Try_project.elf
Invoking: AVR C Linker
avr-gcc -Wl,-Map,Try_project.map -mmcu=atmega16 -o "Try_project.elf"  ./main.o   
Finished building target: Try_project.elf
 
Invoking: AVR Create Extended Listing
avr-objdump -h -S Try_project.elf  >"Try_project.lss"
Finished building: Try_project.lss
 
Invoking: Print Size
avr-size --format=avr --mcu=atmega16 Try_project.elf
AVR Memory Usage
----------------
Device: atmega16

Program:    4904 bytes (29.9% Full)
(.text + .data + .bootloader)

Data:         11 bytes (1.1% Full)
(.data + .bss + .noinit)


Finished building: sizedummy
 
23:19:44 **** Incremental Build of configuration Debug for project interface1Project ****
make all 
Invoking: Print Size
avr-size --format=avr --mcu=atmega16 interface1Project.elf
AVR Memory Usage
----------------
Device: atmega16

Program:    5108 bytes (31.2% Full)
(.text + .data + .bootloader)

Data:         11 bytes (1.1% Full)
(.data + .bss + .noinit)


Finished building: sizedummy
 
23:20:20 **** Incremental Build of configuration Debug for project Try2 ****
make all 
Invoking: Print Size
avr-size --format=avr --mcu=atmega16 Try2.elf
AVR Memory Usage
----------------
Device: atmega16

Program:    3350 bytes (20.4% Full)
(.text + .data + .bootloader)

Data:          8 bytes (0.8% Full)
(.data + .bss + .noinit)


Finished building: sizedummy
 
23:20:20 **** Incremental Build of configuration Debug for project Try_project ****
make all 
Building file: ../main.c
Invoking: AVR Compiler
avr-gcc -Wall -g2 -gstabs -O0 -fpack-struct -fshort-enums -ffunction-sections -fdata-sections -std=gnu99 -funsigned-char -funsigned-bitfields -mmcu=atmega16 -DF_CPU=1000000UL -MMD -MP -MF"main.d" -MT"main.d" -c -o "main.o" "../main.c"
In file included from ../main.c:2:
c:/winavr-20100110/lib/gcc/../../avr/include/util/delay.h:90:3: warning: #warning "Compiler optimizations disabled; functions from <util/delay.h> won't work as designed"
../main.c: In function 'main':
../main.c:85: warning: unused variable 'count'
Finished building: ../main.c
 
Building target: Try_project.elf
Invoking: AVR C Linker
avr-gcc -Wl,-Map,Try_project.map -mmcu=atmega16 -o "Try_project.elf"  ./main.o   
Finished building target: Try_project.elf
 
Invoking: AVR Create Extended Listing
avr-objdump -h -S Try_project.elf  >"Try_project.lss"
Finished building: Try_project.lss
 
Invoking: Print Size
avr-size --format=avr --mcu=atmega16 Try_project.elf
AVR Memory Usage
----------------
Device: atmega16

Program:    4904 bytes (29.9% Full)
(.text + .data + .bootloader)

Data:         11 bytes (1.1% Full)
(.data + .bss + .noinit)


Finished building: sizedummy
 
23:20:21 **** Incremental Build of configuration Debug for project interface1Project ****
make all 
Invoking: Print Size
avr-size --format=avr --mcu=atmega16 interface1Project.elf
AVR Memory Usage
----------------
Device: atmega16

Program:    5108 bytes (31.2% Full)
(.text + .data + .bootloader)

Data:         11 bytes (1.1% Full)
(.data + .bss + .noinit)


Finished building: sizedummy
 
23:20:54 **** Incremental Build of configuration Debug for project Try2 ****
make all 
Invoking: Print Size
avr-size --format=avr --mcu=atmega16 Try2.elf
AVR Memory Usage
----------------
Device: atmega16

Program:    3350 bytes (20.4% Full)
(.text + .data + .bootloader)

Data:          8 bytes (0.8% Full)
(.data + .bss + .noinit)


Finished building: sizedummy
 
23:20:54 **** Incremental Build of configuration Debug for project Try_project ****
make all 
Building file: ../main.c
Invoking: AVR Compiler
avr-gcc -Wall -g2 -gstabs -O0 -fpack-struct -fshort-enums -ffunction-sections -fdata-sections -std=gnu99 -funsigned-char -funsigned-bitfields -mmcu=atmega16 -DF_CPU=1000000UL -MMD -MP -MF"main.d" -MT"main.d" -c -o "main.o" "../main.c"
In file included from ../main.c:2:
c:/winavr-20100110/lib/gcc/../../avr/include/util/delay.h:90:3: warning: #warning "Compiler optimizations disabled; functions from <util/delay.h> won't work as designed"
../main.c: In function 'main':
../main.c:85: warning: unused variable 'count'
Finished building: ../main.c
 
Building target: Try_project.elf
Invoking: AVR C Linker
avr-gcc -Wl,-Map,Try_project.map -mmcu=atmega16 -o "Try_project.elf"  ./main.o   
Finished building target: Try_project.elf
 
Invoking: AVR Create Extended Listing
avr-objdump -h -S Try_project.elf  >"Try_project.lss"
Finished building: Try_project.lss
 
Invoking: Print Size
avr-size --format=avr --mcu=atmega16 Try_project.elf
AVR Memory Usage
----------------
Device: atmega16

Program:    4916 bytes (30.0% Full)
(.text + .data + .bootloader)

Data:         11 bytes (1.1% Full)
(.data + .bss + .noinit)


Finished building: sizedummy
 
23:20:55 **** Incremental Build of configuration Debug for project interface1Project ****
make all 
Invoking: Print Size
avr-size --format=avr --mcu=atmega16 interface1Project.elf
AVR Memory Usage
----------------
Device: atmega16

Program:    5108 bytes (31.2% Full)
(.text + .data + .bootloader)

Data:         11 bytes (1.1% Full)
(.data + .bss + .noinit)


Finished building: sizedummy
 
23:21:37 **** Incremental Build of configuration Debug for project Try2 ****
make all 
Invoking: Print Size
avr-size --format=avr --mcu=atmega16 Try2.elf
AVR Memory Usage
----------------
Device: atmega16

Program:    3350 bytes (20.4% Full)
(.text + .data + .bootloader)

Data:          8 bytes (0.8% Full)
(.data + .bss + .noinit)


Finished building: sizedummy
 
23:21:37 **** Incremental Build of configuration Debug for project Try_project ****
make all 
Building file: ../main.c
Invoking: AVR Compiler
avr-gcc -Wall -g2 -gstabs -O0 -fpack-struct -fshort-enums -ffunction-sections -fdata-sections -std=gnu99 -funsigned-char -funsigned-bitfields -mmcu=atmega16 -DF_CPU=1000000UL -MMD -MP -MF"main.d" -MT"main.d" -c -o "main.o" "../main.c"
In file included from ../main.c:2:
c:/winavr-20100110/lib/gcc/../../avr/include/util/delay.h:90:3: warning: #warning "Compiler optimizations disabled; functions from <util/delay.h> won't work as designed"
../main.c: In function 'main':
../main.c:85: warning: unused variable 'count'
Finished building: ../main.c
 
Building target: Try_project.elf
Invoking: AVR C Linker
avr-gcc -Wl,-Map,Try_project.map -mmcu=atmega16 -o "Try_project.elf"  ./main.o   
Finished building target: Try_project.elf
 
Invoking: AVR Create Extended Listing
avr-objdump -h -S Try_project.elf  >"Try_project.lss"
Finished building: Try_project.lss
 
Invoking: Print Size
avr-size --format=avr --mcu=atmega16 Try_project.elf
AVR Memory Usage
----------------
Device: atmega16

Program:    4904 bytes (29.9% Full)
(.text + .data + .bootloader)

Data:         11 bytes (1.1% Full)
(.data + .bss + .noinit)


Finished building: sizedummy
 
23:21:38 **** Incremental Build of configuration Debug for project interface1Project ****
make all 
Invoking: Print Size
avr-size --format=avr --mcu=atmega16 interface1Project.elf
AVR Memory Usage
----------------
Device: atmega16

Program:    5108 bytes (31.2% Full)
(.text + .data + .bootloader)

Data:         11 bytes (1.1% Full)
(.data + .bss + .noinit)


Finished building: sizedummy
 
23:22:00 **** Incremental Build of configuration Debug for project Try2 ****
make all 
Invoking: Print Size
avr-size --format=avr --mcu=atmega16 Try2.elf
AVR Memory Usage
----------------
Device: atmega16

Program:    3350 bytes (20.4% Full)
(.text + .data + .bootloader)

Data:          8 bytes (0.8% Full)
(.data + .bss + .noinit)


Finished building: sizedummy
 
23:22:00 **** Incremental Build of configuration Debug for project Try_project ****
make all 
Building file: ../main.c
Invoking: AVR Compiler
avr-gcc -Wall -g2 -gstabs -O0 -fpack-struct -fshort-enums -ffunction-sections -fdata-sections -std=gnu99 -funsigned-char -funsigned-bitfields -mmcu=atmega16 -DF_CPU=1000000UL -MMD -MP -MF"main.d" -MT"main.d" -c -o "main.o" "../main.c"
In file included from ../main.c:2:
c:/winavr-20100110/lib/gcc/../../avr/include/util/delay.h:90:3: warning: #warning "Compiler optimizations disabled; functions from <util/delay.h> won't work as designed"
../main.c: In function 'main':
../main.c:85: warning: unused variable 'count'
Finished building: ../main.c
 
Building target: Try_project.elf
Invoking: AVR C Linker
avr-gcc -Wl,-Map,Try_project.map -mmcu=atmega16 -o "Try_project.elf"  ./main.o   
Finished building target: Try_project.elf
 
Invoking: AVR Create Extended Listing
avr-objdump -h -S Try_project.elf  >"Try_project.lss"
Finished building: Try_project.lss
 
Invoking: Print Size
avr-size --format=avr --mcu=atmega16 Try_project.elf
AVR Memory Usage
----------------
Device: atmega16

Program:    4908 bytes (30.0% Full)
(.text + .data + .bootloader)

Data:         11 bytes (1.1% Full)
(.data + .bss + .noinit)


Finished building: sizedummy
 
23:22:01 **** Incremental Build of configuration Debug for project interface1Project ****
make all 
Invoking: Print Size
avr-size --format=avr --mcu=atmega16 interface1Project.elf
AVR Memory Usage
----------------
Device: atmega16

Program:    5108 bytes (31.2% Full)
(.text + .data + .bootloader)

Data:         11 bytes (1.1% Full)
(.data + .bss + .noinit)


Finished building: sizedummy
 
23:23:39 **** Incremental Build of configuration Debug for project Try2 ****
make all 
Invoking: Print Size
avr-size --format=avr --mcu=atmega16 Try2.elf
AVR Memory Usage
----------------
Device: atmega16

Program:    3350 bytes (20.4% Full)
(.text + .data + .bootloader)

Data:          8 bytes (0.8% Full)
(.data + .bss + .noinit)


Finished building: sizedummy
 
23:23:39 **** Incremental Build of configuration Debug for project Try_project ****
make all 
Building file: ../main.c
Invoking: AVR Compiler
avr-gcc -Wall -g2 -gstabs -O0 -fpack-struct -fshort-enums -ffunction-sections -fdata-sections -std=gnu99 -funsigned-char -funsigned-bitfields -mmcu=atmega16 -DF_CPU=1000000UL -MMD -MP -MF"main.d" -MT"main.d" -c -o "main.o" "../main.c"
In file included from ../main.c:2:
c:/winavr-20100110/lib/gcc/../../avr/include/util/delay.h:90:3: warning: #warning "Compiler optimizations disabled; functions from <util/delay.h> won't work as designed"
../main.c: In function 'main':
../main.c:91: warning: unused variable 'count'
Finished building: ../main.c
 
Building target: Try_project.elf
Invoking: AVR C Linker
avr-gcc -Wl,-Map,Try_project.map -mmcu=atmega16 -o "Try_project.elf"  ./main.o   
Finished building target: Try_project.elf
 
Invoking: AVR Create Extended Listing
avr-objdump -h -S Try_project.elf  >"Try_project.lss"
Finished building: Try_project.lss
 
Invoking: Print Size
avr-size --format=avr --mcu=atmega16 Try_project.elf
AVR Memory Usage
----------------
Device: atmega16

Program:    4974 bytes (30.4% Full)
(.text + .data + .bootloader)

Data:         11 bytes (1.1% Full)
(.data + .bss + .noinit)


Finished building: sizedummy
 
23:23:41 **** Incremental Build of configuration Debug for project interface1Project ****
make all 
Invoking: Print Size
avr-size --format=avr --mcu=atmega16 interface1Project.elf
AVR Memory Usage
----------------
Device: atmega16

Program:    5108 bytes (31.2% Full)
(.text + .data + .bootloader)

Data:         11 bytes (1.1% Full)
(.data + .bss + .noinit)


Finished building: sizedummy
 
23:23:55 **** Incremental Build of configuration Debug for project Try2 ****
make all 
Invoking: Print Size
avr-size --format=avr --mcu=atmega16 Try2.elf
AVR Memory Usage
----------------
Device: atmega16

Program:    3350 bytes (20.4% Full)
(.text + .data + .bootloader)

Data:          8 bytes (0.8% Full)
(.data + .bss + .noinit)


Finished building: sizedummy
 
23:23:55 **** Incremental Build of configuration Debug for project Try_project ****
make all 
Building file: ../main.c
Invoking: AVR Compiler
avr-gcc -Wall -g2 -gstabs -O0 -fpack-struct -fshort-enums -ffunction-sections -fdata-sections -std=gnu99 -funsigned-char -funsigned-bitfields -mmcu=atmega16 -DF_CPU=1000000UL -MMD -MP -MF"main.d" -MT"main.d" -c -o "main.o" "../main.c"
In file included from ../main.c:2:
c:/winavr-20100110/lib/gcc/../../avr/include/util/delay.h:90:3: warning: #warning "Compiler optimizations disabled; functions from <util/delay.h> won't work as designed"
../main.c: In function 'main':
../main.c:91: warning: unused variable 'count'
Finished building: ../main.c
 
Building target: Try_project.elf
Invoking: AVR C Linker
avr-gcc -Wl,-Map,Try_project.map -mmcu=atmega16 -o "Try_project.elf"  ./main.o   
Finished building target: Try_project.elf
 
Invoking: AVR Create Extended Listing
avr-objdump -h -S Try_project.elf  >"Try_project.lss"
Finished building: Try_project.lss
 
Invoking: Print Size
avr-size --format=avr --mcu=atmega16 Try_project.elf
AVR Memory Usage
----------------
Device: atmega16

Program:    4978 bytes (30.4% Full)
(.text + .data + .bootloader)

Data:         11 bytes (1.1% Full)
(.data + .bss + .noinit)


Finished building: sizedummy
 
23:23:56 **** Incremental Build of configuration Debug for project interface1Project ****
make all 
Invoking: Print Size
avr-size --format=avr --mcu=atmega16 interface1Project.elf
AVR Memory Usage
----------------
Device: atmega16

Program:    5108 bytes (31.2% Full)
(.text + .data + .bootloader)

Data:         11 bytes (1.1% Full)
(.data + .bss + .noinit)


Finished building: sizedummy
 
23:24:15 **** Incremental Build of configuration Debug for project Try2 ****
make all 
Invoking: Print Size
avr-size --format=avr --mcu=atmega16 Try2.elf
AVR Memory Usage
----------------
Device: atmega16

Program:    3350 bytes (20.4% Full)
(.text + .data + .bootloader)

Data:          8 bytes (0.8% Full)
(.data + .bss + .noinit)


Finished building: sizedummy
 
23:24:16 **** Incremental Build of configuration Debug for project Try_project ****
make all 
Building file: ../main.c
Invoking: AVR Compiler
avr-gcc -Wall -g2 -gstabs -O0 -fpack-struct -fshort-enums -ffunction-sections -fdata-sections -std=gnu99 -funsigned-char -funsigned-bitfields -mmcu=atmega16 -DF_CPU=1000000UL -MMD -MP -MF"main.d" -MT"main.d" -c -o "main.o" "../main.c"
In file included from ../main.c:2:
c:/winavr-20100110/lib/gcc/../../avr/include/util/delay.h:90:3: warning: #warning "Compiler optimizations disabled; functions from <util/delay.h> won't work as designed"
../main.c: In function 'main':
../main.c:91: warning: unused variable 'count'
Finished building: ../main.c
 
Building target: Try_project.elf
Invoking: AVR C Linker
avr-gcc -Wl,-Map,Try_project.map -mmcu=atmega16 -o "Try_project.elf"  ./main.o   
Finished building target: Try_project.elf
 
Invoking: AVR Create Extended Listing
avr-objdump -h -S Try_project.elf  >"Try_project.lss"
Finished building: Try_project.lss
 
Invoking: Print Size
avr-size --format=avr --mcu=atmega16 Try_project.elf
AVR Memory Usage
----------------
Device: atmega16

Program:    4982 bytes (30.4% Full)
(.text + .data + .bootloader)

Data:         11 bytes (1.1% Full)
(.data + .bss + .noinit)


Finished building: sizedummy
 
23:24:16 **** Incremental Build of configuration Debug for project interface1Project ****
make all 
Invoking: Print Size
avr-size --format=avr --mcu=atmega16 interface1Project.elf
AVR Memory Usage
----------------
Device: atmega16

Program:    5108 bytes (31.2% Full)
(.text + .data + .bootloader)

Data:         11 bytes (1.1% Full)
(.data + .bss + .noinit)


Finished building: sizedummy
 
23:24:32 **** Incremental Build of configuration Debug for project Try2 ****
make all 
Invoking: Print Size
avr-size --format=avr --mcu=atmega16 Try2.elf
AVR Memory Usage
----------------
Device: atmega16

Program:    3350 bytes (20.4% Full)
(.text + .data + .bootloader)

Data:          8 bytes (0.8% Full)
(.data + .bss + .noinit)


Finished building: sizedummy
 
23:24:33 **** Incremental Build of configuration Debug for project Try_project ****
make all 
Building file: ../main.c
Invoking: AVR Compiler
avr-gcc -Wall -g2 -gstabs -O0 -fpack-struct -fshort-enums -ffunction-sections -fdata-sections -std=gnu99 -funsigned-char -funsigned-bitfields -mmcu=atmega16 -DF_CPU=1000000UL -MMD -MP -MF"main.d" -MT"main.d" -c -o "main.o" "../main.c"
In file included from ../main.c:2:
c:/winavr-20100110/lib/gcc/../../avr/include/util/delay.h:90:3: warning: #warning "Compiler optimizations disabled; functions from <util/delay.h> won't work as designed"
../main.c: In function 'main':
../main.c:91: warning: unused variable 'count'
Finished building: ../main.c
 
Building target: Try_project.elf
Invoking: AVR C Linker
avr-gcc -Wl,-Map,Try_project.map -mmcu=atmega16 -o "Try_project.elf"  ./main.o   
Finished building target: Try_project.elf
 
Invoking: AVR Create Extended Listing
avr-objdump -h -S Try_project.elf  >"Try_project.lss"
Finished building: Try_project.lss
 
Invoking: Print Size
avr-size --format=avr --mcu=atmega16 Try_project.elf
AVR Memory Usage
----------------
Device: atmega16

Program:    4986 bytes (30.4% Full)
(.text + .data + .bootloader)

Data:         11 bytes (1.1% Full)
(.data + .bss + .noinit)


Finished building: sizedummy
 
23:24:34 **** Incremental Build of configuration Debug for project interface1Project ****
make all 
Invoking: Print Size
avr-size --format=avr --mcu=atmega16 interface1Project.elf
AVR Memory Usage
----------------
Device: atmega16

Program:    5108 bytes (31.2% Full)
(.text + .data + .bootloader)

Data:         11 bytes (1.1% Full)
(.data + .bss + .noinit)


Finished building: sizedummy
 
23:36:09 **** Incremental Build of configuration Debug for project Try2 ****
make all 
Invoking: Print Size
avr-size --format=avr --mcu=atmega16 Try2.elf
AVR Memory Usage
----------------
Device: atmega16

Program:    3350 bytes (20.4% Full)
(.text + .data + .bootloader)

Data:          8 bytes (0.8% Full)
(.data + .bss + .noinit)


Finished building: sizedummy
 
23:36:10 **** Incremental Build of configuration Debug for project Try_project ****
make all 
Invoking: Print Size
avr-size --format=avr --mcu=atmega16 Try_project.elf
AVR Memory Usage
----------------
Device: atmega16

Program:    4986 bytes (30.4% Full)
(.text + .data + .bootloader)

Data:         11 bytes (1.1% Full)
(.data + .bss + .noinit)


Finished building: sizedummy
 
23:36:10 **** Incremental Build of configuration Debug for project interface1Project ****
make all 
Building file: ../interface1_Project.c
Invoking: AVR Compiler
avr-gcc -Wall -g2 -gstabs -O0 -fpack-struct -fshort-enums -ffunction-sections -fdata-sections -std=gnu99 -funsigned-char -funsigned-bitfields -mmcu=atmega16 -DF_CPU=1000000UL -MMD -MP -MF"interface1_Project.d" -MT"interface1_Project.d" -c -o "interface1_Project.o" "../interface1_Project.c"
In file included from ../interface1_Project.c:2:
c:/winavr-20100110/lib/gcc/../../avr/include/util/delay.h:90:3: warning: #warning "Compiler optimizations disabled; functions from <util/delay.h> won't work as designed"
Finished building: ../interface1_Project.c
 
Building target: interface1Project.elf
Invoking: AVR C Linker
avr-gcc -Wl,-Map,interface1Project.map -mmcu=atmega16 -o "interface1Project.elf"  ./interface1_Project.o   
Finished building target: interface1Project.elf
 
Invoking: AVR Create Extended Listing
avr-objdump -h -S interface1Project.elf  >"interface1Project.lss"
Finished building: interface1Project.lss
 
Invoking: Print Size
avr-size --format=avr --mcu=atmega16 interface1Project.elf
AVR Memory Usage
----------------
Device: atmega16

Program:    5108 bytes (31.2% Full)
(.text + .data + .bootloader)

Data:         11 bytes (1.1% Full)
(.data + .bss + .noinit)


Finished building: sizedummy
 
23:36:51 **** Incremental Build of configuration Debug for project Try2 ****
make all 
Invoking: Print Size
avr-size --format=avr --mcu=atmega16 Try2.elf
AVR Memory Usage
----------------
Device: atmega16

Program:    3350 bytes (20.4% Full)
(.text + .data + .bootloader)

Data:          8 bytes (0.8% Full)
(.data + .bss + .noinit)


Finished building: sizedummy
 
23:36:51 **** Incremental Build of configuration Debug for project Try_project ****
make all 
Invoking: Print Size
avr-size --format=avr --mcu=atmega16 Try_project.elf
AVR Memory Usage
----------------
Device: atmega16

Program:    4986 bytes (30.4% Full)
(.text + .data + .bootloader)

Data:         11 bytes (1.1% Full)
(.data + .bss + .noinit)


Finished building: sizedummy
 
23:36:52 **** Incremental Build of configuration Debug for project interface1Project ****
make all 
Building file: ../interface1_Project.c
Invoking: AVR Compiler
avr-gcc -Wall -g2 -gstabs -O0 -fpack-struct -fshort-enums -ffunction-sections -fdata-sections -std=gnu99 -funsigned-char -funsigned-bitfields -mmcu=atmega16 -DF_CPU=1000000UL -MMD -MP -MF"interface1_Project.d" -MT"interface1_Project.d" -c -o "interface1_Project.o" "../interface1_Project.c"
In file included from ../interface1_Project.c:2:
c:/winavr-20100110/lib/gcc/../../avr/include/util/delay.h:90:3: warning: #warning "Compiler optimizations disabled; functions from <util/delay.h> won't work as designed"
Finished building: ../interface1_Project.c
 
Building target: interface1Project.elf
Invoking: AVR C Linker
avr-gcc -Wl,-Map,interface1Project.map -mmcu=atmega16 -o "interface1Project.elf"  ./interface1_Project.o   
Finished building target: interface1Project.elf
 
Invoking: AVR Create Extended Listing
avr-objdump -h -S interface1Project.elf  >"interface1Project.lss"
Finished building: interface1Project.lss
 
Invoking: Print Size
avr-size --format=avr --mcu=atmega16 interface1Project.elf
AVR Memory Usage
----------------
Device: atmega16

Program:    5108 bytes (31.2% Full)
(.text + .data + .bootloader)

Data:         11 bytes (1.1% Full)
(.data + .bss + .noinit)


Finished building: sizedummy
 
23:41:09 **** Incremental Build of configuration Debug for project Try2 ****
make all 
Building file: ../main.c
Invoking: AVR Compiler
avr-gcc -Wall -g2 -gstabs -O0 -fpack-struct -fshort-enums -ffunction-sections -fdata-sections -std=gnu99 -funsigned-char -funsigned-bitfields -mmcu=atmega16 -DF_CPU=1000000UL -MMD -MP -MF"main.d" -MT"main.d" -c -o "main.o" "../main.c"
In file included from ../main.c:2:
c:/winavr-20100110/lib/gcc/../../avr/include/util/delay.h:90:3: warning: #warning "Compiler optimizations disabled; functions from <util/delay.h> won't work as designed"
../main.c:4: warning: return type of 'main' is not 'int'
Finished building: ../main.c
 
Building target: Try2.elf
Invoking: AVR C Linker
avr-gcc -Wl,-Map,Try2.map -mmcu=atmega16 -o "Try2.elf"  ./main.o   
Finished building target: Try2.elf
 
Invoking: AVR Create Extended Listing
avr-objdump -h -S Try2.elf  >"Try2.lss"
Finished building: Try2.lss
 
Invoking: Print Size
avr-size --format=avr --mcu=atmega16 Try2.elf
AVR Memory Usage
----------------
Device: atmega16

Program:    3350 bytes (20.4% Full)
(.text + .data + .bootloader)

Data:          8 bytes (0.8% Full)
(.data + .bss + .noinit)


Finished building: sizedummy
 
23:41:11 **** Incremental Build of configuration Debug for project Try_project ****
make all 
Building file: ../main.c
Invoking: AVR Compiler
avr-gcc -Wall -g2 -gstabs -O0 -fpack-struct -fshort-enums -ffunction-sections -fdata-sections -std=gnu99 -funsigned-char -funsigned-bitfields -mmcu=atmega16 -DF_CPU=1000000UL -MMD -MP -MF"main.d" -MT"main.d" -c -o "main.o" "../main.c"
In file included from ../main.c:2:
c:/winavr-20100110/lib/gcc/../../avr/include/util/delay.h:90:3: warning: #warning "Compiler optimizations disabled; functions from <util/delay.h> won't work as designed"
../main.c: In function 'main':
../main.c:91: warning: unused variable 'count'
Finished building: ../main.c
 
Building target: Try_project.elf
Invoking: AVR C Linker
avr-gcc -Wl,-Map,Try_project.map -mmcu=atmega16 -o "Try_project.elf"  ./main.o   
Finished building target: Try_project.elf
 
Invoking: AVR Create Extended Listing
avr-objdump -h -S Try_project.elf  >"Try_project.lss"
Finished building: Try_project.lss
 
Invoking: Print Size
avr-size --format=avr --mcu=atmega16 Try_project.elf
AVR Memory Usage
----------------
Device: atmega16

Program:    4986 bytes (30.4% Full)
(.text + .data + .bootloader)

Data:         11 bytes (1.1% Full)
(.data + .bss + .noinit)


Finished building: sizedummy
 
23:41:12 **** Incremental Build of configuration Debug for project interface1Project ****
make all 
Building file: ../interface1_Project.c
Invoking: AVR Compiler
avr-gcc -Wall -g2 -gstabs -O0 -fpack-struct -fshort-enums -ffunction-sections -fdata-sections -std=gnu99 -funsigned-char -funsigned-bitfields -mmcu=atmega16 -DF_CPU=1000000UL -MMD -MP -MF"interface1_Project.d" -MT"interface1_Project.d" -c -o "interface1_Project.o" "../interface1_Project.c"
In file included from ../interface1_Project.c:2:
c:/winavr-20100110/lib/gcc/../../avr/include/util/delay.h:90:3: warning: #warning "Compiler optimizations disabled; functions from <util/delay.h> won't work as designed"
Finished building: ../interface1_Project.c
 
Building target: interface1Project.elf
Invoking: AVR C Linker
avr-gcc -Wl,-Map,interface1Project.map -mmcu=atmega16 -o "interface1Project.elf"  ./interface1_Project.o   
Finished building target: interface1Project.elf
 
Invoking: AVR Create Extended Listing
avr-objdump -h -S interface1Project.elf  >"interface1Project.lss"
Finished building: interface1Project.lss
 
Invoking: Print Size
avr-size --format=avr --mcu=atmega16 interface1Project.elf
AVR Memory Usage
----------------
Device: atmega16

Program:    5108 bytes (31.2% Full)
(.text + .data + .bootloader)

Data:         11 bytes (1.1% Full)
(.data + .bss + .noinit)


Finished building: sizedummy
 
23:53:38 **** Incremental Build of configuration Debug for project interface1Project ****
make all 
Building file: ../interface1_Project.c
Invoking: AVR Compiler
avr-gcc -Wall -g2 -gstabs -O0 -fpack-struct -fshort-enums -ffunction-sections -fdata-sections -std=gnu99 -funsigned-char -funsigned-bitfields -mmcu=atmega16 -DF_CPU=1000000UL -MMD -MP -MF"interface1_Project.d" -MT"interface1_Project.d" -c -o "interface1_Project.o" "../interface1_Project.c"
In file included from ../interface1_Project.c:2:
c:/winavr-20100110/lib/gcc/../../avr/include/util/delay.h:90:3: warning: #warning "Compiler optimizations disabled; functions from <util/delay.h> won't work as designed"
Finished building: ../interface1_Project.c
 
Building target: interface1Project.elf
Invoking: AVR C Linker
avr-gcc -Wl,-Map,interface1Project.map -mmcu=atmega16 -o "interface1Project.elf"  ./interface1_Project.o   
Finished building target: interface1Project.elf
 
Invoking: AVR Create Extended Listing
avr-objdump -h -S interface1Project.elf  >"interface1Project.lss"
Finished building: interface1Project.lss
 
Invoking: Print Size
avr-size --format=avr --mcu=atmega16 interface1Project.elf
AVR Memory Usage
----------------
Device: atmega16

Program:    5108 bytes (31.2% Full)
(.text + .data + .bootloader)

Data:         11 bytes (1.1% Full)
(.data + .bss + .noinit)


Finished building: sizedummy
 
