23:53:38 **** Incremental Build of configuration Debug for project interface1Project ****
make all 
Building file: ../interface1_Project.c
Invoking: AVR Compiler
avr-gcc -Wall -g2 -gstabs -O0 -fpack-struct -fshort-enums -ffunction-sections -fdata-sections -std=gnu99 -funsigned-char -funsigned-bitfields -mmcu=atmega16 -DF_CPU=1000000UL -MMD -MP -MF"interface1_Project.d" -MT"interface1_Project.d" -c -o "interface1_Project.o" "../interface1_Project.c"
In file included from ../interface1_Project.c:2:
c:/winavr-20100110/lib/gcc/../../avr/include/util/delay.h:90:3: warning: #warning "Compiler optimizations disabled; functions from <util/delay.h> won't work as designed"
Finished building: ../interface1_Project.c
 
Building target: interface1Project.elf
Invoking: AVR C Linker
avr-gcc -Wl,-Map,interface1Project.map -mmcu=atmega16 -o "interface1Project.elf"  ./interface1_Project.o   
Finished building target: interface1Project.elf
 
Invoking: AVR Create Extended Listing
avr-objdump -h -S interface1Project.elf  >"interface1Project.lss"
Finished building: interface1Project.lss
 
Invoking: Print Size
avr-size --format=avr --mcu=atmega16 interface1Project.elf
AVR Memory Usage
----------------
Device: atmega16

Program:    5108 bytes (31.2% Full)
(.text + .data + .bootloader)

Data:         11 bytes (1.1% Full)
(.data + .bss + .noinit)


Finished building: sizedummy
 

23:53:41 Build Finished (took 2s.805ms)

