23:41:09 **** Incremental Build of configuration Debug for project Try2 ****
make all 
Building file: ../main.c
Invoking: AVR Compiler
avr-gcc -Wall -g2 -gstabs -O0 -fpack-struct -fshort-enums -ffunction-sections -fdata-sections -std=gnu99 -funsigned-char -funsigned-bitfields -mmcu=atmega16 -DF_CPU=1000000UL -MMD -MP -MF"main.d" -MT"main.d" -c -o "main.o" "../main.c"
In file included from ../main.c:2:
c:/winavr-20100110/lib/gcc/../../avr/include/util/delay.h:90:3: warning: #warning "Compiler optimizations disabled; functions from <util/delay.h> won't work as designed"
../main.c:4: warning: return type of 'main' is not 'int'
Finished building: ../main.c
 
Building target: Try2.elf
Invoking: AVR C Linker
avr-gcc -Wl,-Map,Try2.map -mmcu=atmega16 -o "Try2.elf"  ./main.o   
Finished building target: Try2.elf
 
Invoking: AVR Create Extended Listing
avr-objdump -h -S Try2.elf  >"Try2.lss"
Finished building: Try2.lss
 
Invoking: Print Size
avr-size --format=avr --mcu=atmega16 Try2.elf
AVR Memory Usage
----------------
Device: atmega16

Program:    3350 bytes (20.4% Full)
(.text + .data + .bootloader)

Data:          8 bytes (0.8% Full)
(.data + .bss + .noinit)


Finished building: sizedummy
 

23:41:10 Build Finished (took 924ms)

